2019-06-30 16:06:03,155 [INFO] from play.api.http.EnabledFilters in play-dev-mode-akka.actor.default-dispatcher-8 - Enabled Filters (see <https://www.playframework.com/documentation/latest/Filters>):

    play.filters.csrf.CSRFFilter
    play.filters.headers.SecurityHeadersFilter
    play.filters.hosts.AllowedHostsFilter

2019-06-30 16:06:03,234 [INFO] from play.api.Play in play-dev-mode-akka.actor.default-dispatcher-8 - Application started (Dev) (no global state)
2019-06-30 16:07:39,909 [INFO] from play.api.http.EnabledFilters in play-dev-mode-akka.actor.default-dispatcher-7 - Enabled Filters (see <https://www.playframework.com/documentation/latest/Filters>):

    play.filters.csrf.CSRFFilter
    play.filters.headers.SecurityHeadersFilter
    play.filters.hosts.AllowedHostsFilter

2019-06-30 16:07:39,928 [INFO] from play.api.Play in play-dev-mode-akka.actor.default-dispatcher-7 - Application started (Dev) (no global state)
2019-06-30 16:08:19,455 [INFO] from play.api.http.EnabledFilters in play-dev-mode-akka.actor.default-dispatcher-2 - Enabled Filters (see <https://www.playframework.com/documentation/latest/Filters>):

    play.filters.csrf.CSRFFilter
    play.filters.headers.SecurityHeadersFilter
    play.filters.hosts.AllowedHostsFilter

2019-06-30 16:08:19,475 [INFO] from play.api.Play in play-dev-mode-akka.actor.default-dispatcher-2 - Application started (Dev) (no global state)
2019-06-30 16:09:19,092 [INFO] from play.api.http.EnabledFilters in play-dev-mode-akka.actor.default-dispatcher-12 - Enabled Filters (see <https://www.playframework.com/documentation/latest/Filters>):

    play.filters.csrf.CSRFFilter
    play.filters.headers.SecurityHeadersFilter
    play.filters.hosts.AllowedHostsFilter

2019-06-30 16:09:19,101 [INFO] from play.api.Play in play-dev-mode-akka.actor.default-dispatcher-12 - Application started (Dev) (no global state)
2019-06-30 16:09:37,264 [INFO] from play.api.http.EnabledFilters in play-dev-mode-akka.actor.default-dispatcher-12 - Enabled Filters (see <https://www.playframework.com/documentation/latest/Filters>):

    play.filters.csrf.CSRFFilter
    play.filters.headers.SecurityHeadersFilter
    play.filters.hosts.AllowedHostsFilter

2019-06-30 16:09:37,278 [INFO] from play.api.Play in play-dev-mode-akka.actor.default-dispatcher-12 - Application started (Dev) (no global state)
2019-06-30 16:09:54,504 [INFO] from play.api.http.EnabledFilters in play-dev-mode-akka.actor.default-dispatcher-11 - Enabled Filters (see <https://www.playframework.com/documentation/latest/Filters>):

    play.filters.csrf.CSRFFilter
    play.filters.headers.SecurityHeadersFilter
    play.filters.hosts.AllowedHostsFilter

2019-06-30 16:09:54,513 [INFO] from play.api.Play in play-dev-mode-akka.actor.default-dispatcher-11 - Application started (Dev) (no global state)
2019-06-30 16:18:07,266 [INFO] from play.api.http.EnabledFilters in play-dev-mode-akka.actor.default-dispatcher-19 - Enabled Filters (see <https://www.playframework.com/documentation/latest/Filters>):

    play.filters.csrf.CSRFFilter
    play.filters.headers.SecurityHeadersFilter
    play.filters.hosts.AllowedHostsFilter

2019-06-30 16:18:07,278 [INFO] from play.api.Play in play-dev-mode-akka.actor.default-dispatcher-19 - Application started (Dev) (no global state)
2019-06-30 16:18:48,352 [INFO] from play.api.http.EnabledFilters in play-dev-mode-akka.actor.default-dispatcher-9 - Enabled Filters (see <https://www.playframework.com/documentation/latest/Filters>):

    play.filters.csrf.CSRFFilter
    play.filters.headers.SecurityHeadersFilter
    play.filters.hosts.AllowedHostsFilter

2019-06-30 16:18:48,363 [INFO] from play.api.Play in play-dev-mode-akka.actor.default-dispatcher-9 - Application started (Dev) (no global state)
2019-06-30 16:20:18,072 [INFO] from play.api.http.EnabledFilters in play-dev-mode-akka.actor.default-dispatcher-19 - Enabled Filters (see <https://www.playframework.com/documentation/latest/Filters>):

    play.filters.csrf.CSRFFilter
    play.filters.headers.SecurityHeadersFilter
    play.filters.hosts.AllowedHostsFilter

2019-06-30 16:20:18,081 [INFO] from play.api.Play in play-dev-mode-akka.actor.default-dispatcher-19 - Application started (Dev) (no global state)
2019-06-30 16:20:45,996 [INFO] from play.api.http.EnabledFilters in play-dev-mode-akka.actor.default-dispatcher-19 - Enabled Filters (see <https://www.playframework.com/documentation/latest/Filters>):

    play.filters.csrf.CSRFFilter
    play.filters.headers.SecurityHeadersFilter
    play.filters.hosts.AllowedHostsFilter

2019-06-30 16:20:46,004 [INFO] from play.api.Play in play-dev-mode-akka.actor.default-dispatcher-19 - Application started (Dev) (no global state)
2019-06-30 16:21:40,973 [INFO] from play.api.http.EnabledFilters in play-dev-mode-akka.actor.default-dispatcher-9 - Enabled Filters (see <https://www.playframework.com/documentation/latest/Filters>):

    play.filters.csrf.CSRFFilter
    play.filters.headers.SecurityHeadersFilter
    play.filters.hosts.AllowedHostsFilter

2019-06-30 16:21:40,985 [INFO] from play.api.Play in play-dev-mode-akka.actor.default-dispatcher-9 - Application started (Dev) (no global state)
2019-06-30 16:24:35,018 [INFO] from play.api.http.EnabledFilters in play-dev-mode-akka.actor.default-dispatcher-23 - Enabled Filters (see <https://www.playframework.com/documentation/latest/Filters>):

    play.filters.csrf.CSRFFilter
    play.filters.headers.SecurityHeadersFilter
    play.filters.hosts.AllowedHostsFilter

2019-06-30 16:24:35,034 [INFO] from play.api.Play in play-dev-mode-akka.actor.default-dispatcher-23 - Application started (Dev) (no global state)
2019-06-30 16:26:10,366 [INFO] from play.api.http.EnabledFilters in play-dev-mode-akka.actor.default-dispatcher-22 - Enabled Filters (see <https://www.playframework.com/documentation/latest/Filters>):

    play.filters.csrf.CSRFFilter
    play.filters.headers.SecurityHeadersFilter
    play.filters.hosts.AllowedHostsFilter

2019-06-30 16:26:10,373 [INFO] from play.api.Play in play-dev-mode-akka.actor.default-dispatcher-22 - Application started (Dev) (no global state)
2019-06-30 16:30:11,293 [ERROR] from application in play-dev-mode-akka.actor.default-dispatcher-23 - 

! @7cc3k3gn7 - Internal server error, for (POST) [/diagrama] ->
 
play.sbt.PlayExceptions$CompilationException: Compilation error[method render in class views.html.output cannot be applied to given types;
  required: java.lang.String
  found: java.lang.String,java.lang.String
  reason: actual and formal argument lists differ in length]
	at play.sbt.PlayExceptions$CompilationException$.apply(PlayExceptions.scala:37)
	at play.sbt.PlayExceptions$CompilationException$.apply(PlayExceptions.scala:37)
	at scala.Option.map(Option.scala:146)
	at play.sbt.run.PlayReload$.$anonfun$taskFailureHandler$1(PlayReload.scala:41)
	at scala.Option.map(Option.scala:146)
	at play.sbt.run.PlayReload$.taskFailureHandler(PlayReload.scala:36)
	at play.sbt.run.PlayReload$.compileFailure(PlayReload.scala:29)
	at play.sbt.run.PlayReload$.$anonfun$compile$3(PlayReload.scala:64)
	at scala.util.Either$LeftProjection.map(Either.scala:569)
	at play.sbt.run.PlayReload$.compile(PlayReload.scala:64)
	at play.sbt.run.PlayRun$.$anonfun$playRunTask$4(PlayRun.scala:80)
	at play.runsupport.Reloader.$anonfun$reload$1(Reloader.scala:501)
	at play.runsupport.Reloader$$anon$1.run(Reloader.scala:58)
	at java.base/java.security.AccessController.doPrivileged(Native Method)
	at play.runsupport.Reloader$.play$runsupport$Reloader$$withReloaderContextClassLoader(Reloader.scala:64)
	at play.runsupport.Reloader.reload(Reloader.scala:501)
	at play.core.server.DevServerStart$$anon$1.get(DevServerStart.scala:143)
	at play.core.server.AkkaHttpServer.handleRequest(AkkaHttpServer.scala:304)
	at play.core.server.AkkaHttpServer.$anonfun$createServerBinding$1(AkkaHttpServer.scala:189)
	at akka.stream.impl.fusing.MapAsync$$anon$30.onPush(Ops.scala:1261)
	at akka.stream.impl.fusing.GraphInterpreter.processPush(GraphInterpreter.scala:523)
	at akka.stream.impl.fusing.GraphInterpreter.execute(GraphInterpreter.scala:409)
	at akka.stream.impl.fusing.GraphInterpreterShell.runBatch(ActorGraphInterpreter.scala:606)
	at akka.stream.impl.fusing.GraphInterpreterShell$AsyncInput.execute(ActorGraphInterpreter.scala:485)
	at akka.stream.impl.fusing.GraphInterpreterShell.processEvent(ActorGraphInterpreter.scala:581)
	at akka.stream.impl.fusing.ActorGraphInterpreter.akka$stream$impl$fusing$ActorGraphInterpreter$$processEvent(ActorGraphInterpreter.scala:749)
	at akka.stream.impl.fusing.ActorGraphInterpreter$$anonfun$receive$1.applyOrElse(ActorGraphInterpreter.scala:764)
	at akka.actor.Actor.aroundReceive(Actor.scala:539)
	at akka.actor.Actor.aroundReceive$(Actor.scala:537)
	at akka.stream.impl.fusing.ActorGraphInterpreter.aroundReceive(ActorGraphInterpreter.scala:671)
	at akka.actor.ActorCell.receiveMessage(ActorCell.scala:612)
	at akka.actor.ActorCell.invoke(ActorCell.scala:581)
	at akka.dispatch.Mailbox.processMailbox(Mailbox.scala:268)
	at akka.dispatch.Mailbox.run(Mailbox.scala:229)
	at akka.dispatch.Mailbox.exec(Mailbox.scala:241)
	at akka.dispatch.forkjoin.ForkJoinTask.doExec(ForkJoinTask.java:260)
	at akka.dispatch.forkjoin.ForkJoinPool$WorkQueue.runTask(ForkJoinPool.java:1339)
	at akka.dispatch.forkjoin.ForkJoinPool.runWorker(ForkJoinPool.java:1979)
	at akka.dispatch.forkjoin.ForkJoinWorkerThread.run(ForkJoinWorkerThread.java:107)
2019-06-30 16:30:19,529 [INFO] from play.api.http.EnabledFilters in play-dev-mode-akka.actor.default-dispatcher-17 - Enabled Filters (see <https://www.playframework.com/documentation/latest/Filters>):

    play.filters.csrf.CSRFFilter
    play.filters.headers.SecurityHeadersFilter
    play.filters.hosts.AllowedHostsFilter

2019-06-30 16:30:19,534 [INFO] from play.api.Play in play-dev-mode-akka.actor.default-dispatcher-17 - Application started (Dev) (no global state)
2019-06-30 16:35:47,196 [ERROR] from application in play-dev-mode-akka.actor.default-dispatcher-22 - 

! @7cc3kmjlc - Internal server error, for (POST) [/diagrama] ->
 
play.sbt.PlayExceptions$CompilationException: Compilation error[urlPNG is already defined as value urlPNG]
	at play.sbt.PlayExceptions$CompilationException$.apply(PlayExceptions.scala:37)
	at play.sbt.PlayExceptions$CompilationException$.apply(PlayExceptions.scala:37)
	at scala.Option.map(Option.scala:146)
	at play.sbt.run.PlayReload$.$anonfun$taskFailureHandler$1(PlayReload.scala:41)
	at scala.Option.map(Option.scala:146)
	at play.sbt.run.PlayReload$.taskFailureHandler(PlayReload.scala:36)
	at play.sbt.run.PlayReload$.compileFailure(PlayReload.scala:29)
	at play.sbt.run.PlayReload$.$anonfun$compile$3(PlayReload.scala:64)
	at scala.util.Either$LeftProjection.map(Either.scala:569)
	at play.sbt.run.PlayReload$.compile(PlayReload.scala:64)
	at play.sbt.run.PlayRun$.$anonfun$playRunTask$4(PlayRun.scala:80)
	at play.runsupport.Reloader.$anonfun$reload$1(Reloader.scala:501)
	at play.runsupport.Reloader$$anon$1.run(Reloader.scala:58)
	at java.base/java.security.AccessController.doPrivileged(Native Method)
	at play.runsupport.Reloader$.play$runsupport$Reloader$$withReloaderContextClassLoader(Reloader.scala:64)
	at play.runsupport.Reloader.reload(Reloader.scala:501)
	at play.core.server.DevServerStart$$anon$1.get(DevServerStart.scala:143)
	at play.core.server.AkkaHttpServer.handleRequest(AkkaHttpServer.scala:304)
	at play.core.server.AkkaHttpServer.$anonfun$createServerBinding$1(AkkaHttpServer.scala:189)
	at akka.stream.impl.fusing.MapAsync$$anon$30.onPush(Ops.scala:1261)
	at akka.stream.impl.fusing.GraphInterpreter.processPush(GraphInterpreter.scala:523)
	at akka.stream.impl.fusing.GraphInterpreter.execute(GraphInterpreter.scala:409)
	at akka.stream.impl.fusing.GraphInterpreterShell.runBatch(ActorGraphInterpreter.scala:606)
	at akka.stream.impl.fusing.GraphInterpreterShell$AsyncInput.execute(ActorGraphInterpreter.scala:485)
	at akka.stream.impl.fusing.GraphInterpreterShell.processEvent(ActorGraphInterpreter.scala:581)
	at akka.stream.impl.fusing.ActorGraphInterpreter.akka$stream$impl$fusing$ActorGraphInterpreter$$processEvent(ActorGraphInterpreter.scala:749)
	at akka.stream.impl.fusing.ActorGraphInterpreter$$anonfun$receive$1.applyOrElse(ActorGraphInterpreter.scala:764)
	at akka.actor.Actor.aroundReceive(Actor.scala:539)
	at akka.actor.Actor.aroundReceive$(Actor.scala:537)
	at akka.stream.impl.fusing.ActorGraphInterpreter.aroundReceive(ActorGraphInterpreter.scala:671)
	at akka.actor.ActorCell.receiveMessage(ActorCell.scala:612)
	at akka.actor.ActorCell.invoke(ActorCell.scala:581)
	at akka.dispatch.Mailbox.processMailbox(Mailbox.scala:268)
	at akka.dispatch.Mailbox.run(Mailbox.scala:229)
	at akka.dispatch.Mailbox.exec(Mailbox.scala:241)
	at akka.dispatch.forkjoin.ForkJoinTask.doExec(ForkJoinTask.java:260)
	at akka.dispatch.forkjoin.ForkJoinPool$WorkQueue.runTask(ForkJoinPool.java:1339)
	at akka.dispatch.forkjoin.ForkJoinPool.runWorker(ForkJoinPool.java:1979)
	at akka.dispatch.forkjoin.ForkJoinWorkerThread.run(ForkJoinWorkerThread.java:107)
2019-06-30 16:36:07,788 [INFO] from play.api.http.EnabledFilters in play-dev-mode-akka.actor.default-dispatcher-32 - Enabled Filters (see <https://www.playframework.com/documentation/latest/Filters>):

    play.filters.csrf.CSRFFilter
    play.filters.headers.SecurityHeadersFilter
    play.filters.hosts.AllowedHostsFilter

2019-06-30 16:36:07,795 [INFO] from play.api.Play in play-dev-mode-akka.actor.default-dispatcher-32 - Application started (Dev) (no global state)
2019-06-30 16:36:20,121 [INFO] from play.api.http.EnabledFilters in play-dev-mode-akka.actor.default-dispatcher-30 - Enabled Filters (see <https://www.playframework.com/documentation/latest/Filters>):

    play.filters.csrf.CSRFFilter
    play.filters.headers.SecurityHeadersFilter
    play.filters.hosts.AllowedHostsFilter

2019-06-30 16:36:20,129 [INFO] from play.api.Play in play-dev-mode-akka.actor.default-dispatcher-30 - Application started (Dev) (no global state)
2019-06-30 16:36:36,961 [INFO] from play.api.http.EnabledFilters in play-dev-mode-akka.actor.default-dispatcher-35 - Enabled Filters (see <https://www.playframework.com/documentation/latest/Filters>):

    play.filters.csrf.CSRFFilter
    play.filters.headers.SecurityHeadersFilter
    play.filters.hosts.AllowedHostsFilter

2019-06-30 16:36:36,968 [INFO] from play.api.Play in play-dev-mode-akka.actor.default-dispatcher-35 - Application started (Dev) (no global state)
2019-06-30 16:37:32,336 [INFO] from play.api.http.EnabledFilters in play-dev-mode-akka.actor.default-dispatcher-33 - Enabled Filters (see <https://www.playframework.com/documentation/latest/Filters>):

    play.filters.csrf.CSRFFilter
    play.filters.headers.SecurityHeadersFilter
    play.filters.hosts.AllowedHostsFilter

2019-06-30 16:37:32,341 [INFO] from play.api.Play in play-dev-mode-akka.actor.default-dispatcher-33 - Application started (Dev) (no global state)
2019-06-30 16:38:43,856 [INFO] from play.api.http.EnabledFilters in play-dev-mode-akka.actor.default-dispatcher-22 - Enabled Filters (see <https://www.playframework.com/documentation/latest/Filters>):

    play.filters.csrf.CSRFFilter
    play.filters.headers.SecurityHeadersFilter
    play.filters.hosts.AllowedHostsFilter

2019-06-30 16:38:43,859 [INFO] from play.api.Play in play-dev-mode-akka.actor.default-dispatcher-22 - Application started (Dev) (no global state)
2019-06-30 16:39:29,129 [INFO] from play.api.http.EnabledFilters in play-dev-mode-akka.actor.default-dispatcher-29 - Enabled Filters (see <https://www.playframework.com/documentation/latest/Filters>):

    play.filters.csrf.CSRFFilter
    play.filters.headers.SecurityHeadersFilter
    play.filters.hosts.AllowedHostsFilter

2019-06-30 16:39:29,138 [INFO] from play.api.Play in play-dev-mode-akka.actor.default-dispatcher-29 - Application started (Dev) (no global state)
2019-06-30 16:40:12,145 [INFO] from play.api.http.EnabledFilters in play-dev-mode-akka.actor.default-dispatcher-30 - Enabled Filters (see <https://www.playframework.com/documentation/latest/Filters>):

    play.filters.csrf.CSRFFilter
    play.filters.headers.SecurityHeadersFilter
    play.filters.hosts.AllowedHostsFilter

2019-06-30 16:40:12,148 [INFO] from play.api.Play in play-dev-mode-akka.actor.default-dispatcher-30 - Application started (Dev) (no global state)
2019-06-30 16:40:24,817 [INFO] from play.api.http.EnabledFilters in play-dev-mode-akka.actor.default-dispatcher-30 - Enabled Filters (see <https://www.playframework.com/documentation/latest/Filters>):

    play.filters.csrf.CSRFFilter
    play.filters.headers.SecurityHeadersFilter
    play.filters.hosts.AllowedHostsFilter

2019-06-30 16:40:24,824 [INFO] from play.api.Play in play-dev-mode-akka.actor.default-dispatcher-30 - Application started (Dev) (no global state)
2019-06-30 16:41:43,833 [INFO] from play.api.http.EnabledFilters in play-dev-mode-akka.actor.default-dispatcher-32 - Enabled Filters (see <https://www.playframework.com/documentation/latest/Filters>):

    play.filters.csrf.CSRFFilter
    play.filters.headers.SecurityHeadersFilter
    play.filters.hosts.AllowedHostsFilter

2019-06-30 16:41:43,838 [INFO] from play.api.Play in play-dev-mode-akka.actor.default-dispatcher-32 - Application started (Dev) (no global state)
2019-06-30 16:42:24,385 [INFO] from play.api.http.EnabledFilters in play-dev-mode-akka.actor.default-dispatcher-30 - Enabled Filters (see <https://www.playframework.com/documentation/latest/Filters>):

    play.filters.csrf.CSRFFilter
    play.filters.headers.SecurityHeadersFilter
    play.filters.hosts.AllowedHostsFilter

2019-06-30 16:42:24,392 [INFO] from play.api.Play in play-dev-mode-akka.actor.default-dispatcher-30 - Application started (Dev) (no global state)
2019-06-30 16:42:50,932 [INFO] from play.api.http.EnabledFilters in play-dev-mode-akka.actor.default-dispatcher-31 - Enabled Filters (see <https://www.playframework.com/documentation/latest/Filters>):

    play.filters.csrf.CSRFFilter
    play.filters.headers.SecurityHeadersFilter
    play.filters.hosts.AllowedHostsFilter

2019-06-30 16:42:50,934 [INFO] from play.api.Play in play-dev-mode-akka.actor.default-dispatcher-31 - Application started (Dev) (no global state)
2019-06-30 16:43:22,594 [INFO] from play.api.http.EnabledFilters in play-dev-mode-akka.actor.default-dispatcher-30 - Enabled Filters (see <https://www.playframework.com/documentation/latest/Filters>):

    play.filters.csrf.CSRFFilter
    play.filters.headers.SecurityHeadersFilter
    play.filters.hosts.AllowedHostsFilter

2019-06-30 16:43:22,602 [INFO] from play.api.Play in play-dev-mode-akka.actor.default-dispatcher-30 - Application started (Dev) (no global state)
2019-06-30 16:44:22,011 [INFO] from play.api.http.EnabledFilters in play-dev-mode-akka.actor.default-dispatcher-31 - Enabled Filters (see <https://www.playframework.com/documentation/latest/Filters>):

    play.filters.csrf.CSRFFilter
    play.filters.headers.SecurityHeadersFilter
    play.filters.hosts.AllowedHostsFilter

2019-06-30 16:44:22,016 [INFO] from play.api.Play in play-dev-mode-akka.actor.default-dispatcher-31 - Application started (Dev) (no global state)
2019-06-30 16:44:42,425 [INFO] from play.api.http.EnabledFilters in play-dev-mode-akka.actor.default-dispatcher-31 - Enabled Filters (see <https://www.playframework.com/documentation/latest/Filters>):

    play.filters.csrf.CSRFFilter
    play.filters.headers.SecurityHeadersFilter
    play.filters.hosts.AllowedHostsFilter

2019-06-30 16:44:42,431 [INFO] from play.api.Play in play-dev-mode-akka.actor.default-dispatcher-31 - Application started (Dev) (no global state)
2019-06-30 16:46:09,267 [INFO] from play.api.http.EnabledFilters in play-dev-mode-akka.actor.default-dispatcher-31 - Enabled Filters (see <https://www.playframework.com/documentation/latest/Filters>):

    play.filters.csrf.CSRFFilter
    play.filters.headers.SecurityHeadersFilter
    play.filters.hosts.AllowedHostsFilter

2019-06-30 16:46:09,272 [INFO] from play.api.Play in play-dev-mode-akka.actor.default-dispatcher-31 - Application started (Dev) (no global state)
